[MP4] MP4::init() 开始初始化
[MP4] MP4::init() 初始化完成
=== FLV 转 fMP4 测试 ===
输入文件: test.flv
FLV文件大小: 1510379 bytes

=== 开始转换 ===
[Flv2Fmp4] 输入FLV数据, 大小=1510379 bytes
[Flv2Fmp4] 首次接收FLV数据
[Flv2Fmp4] FLV信息: 音频=是, 视频=是
[TagDemux] moofTag 开始处理 949 个标签
[TagDemux] 解析脚本数据标签
[TagDemux] 解析Metadata完成
[TagDemux] 解析视频标签, 时间戳=0
[TagDemux] 解析AVCDecoderConfigurationRecord
[TagDemux] 解析AVCDecoderConfigurationRecord完成
[Flv2Fmp4] 元数据回调: video
[TagDemux] 解析音频标签, 时间戳=0
[TagDemux] 解析AudioSpecificConfig完成
[Flv2Fmp4] 元数据回调: audio

[回调] 媒体信息:
  宽度: 0
  高度: 0
  帧率: 23.976
  时长: 0
  音频: 是
  视频: 是
[Flv2Fmp4] 生成初始化段, 元数据数=2
[MP4] MP4::generateInitSegment() 开始生成初始化段
[MP4] MP4::box() 创建box, type=ftyp, size=24
[MP4] MP4::moov() 创建moov box
[MP4] MP4::mvhd() 创建mvhd box, timescale=1000, duration=0
[MP4] MP4::box() 创建box, type=mvhd, size=108
[MP4] MP4::tkhd() 创建tkhd box, trackId=1, duration=0, width=401, height=2000
[MP4] MP4::box() 创建box, type=tkhd, size=92
[MP4] MP4::box() 创建box, type=mdhd, size=32
[MP4] MP4::box() 创建box, type=hdlr, size=45
[MP4] MP4::box() 创建box, type=vmhd, size=20
[MP4] MP4::box() 创建box, type=dref, size=28
[MP4] MP4::box() 创建box, type=dinf, size=36
[MP4] MP4::box() 创建box, type=avcC, size=59
[MP4] MP4::box() 创建box, type=avc1, size=141
[MP4] MP4::box() 创建box, type=stsd, size=157
[MP4] MP4::box() 创建box, type=stts, size=16
[MP4] MP4::box() 创建box, type=stsc, size=16
[MP4] MP4::box() 创建box, type=stsz, size=20
[MP4] MP4::box() 创建box, type=stco, size=16
[MP4] MP4::box() 创建box, type=stbl, size=233
[MP4] MP4::box() 创建box, type=minf, size=297
[MP4] MP4::box() 创建box, type=mdia, size=382
[MP4] MP4::box() 创建box, type=trak, size=482
[MP4] MP4::tkhd() 创建tkhd box, trackId=2, duration=0, width=0, height=0
[MP4] MP4::box() 创建box, type=tkhd, size=92
[MP4] MP4::box() 创建box, type=mdhd, size=32
[MP4] MP4::box() 创建box, type=hdlr, size=45
[MP4] MP4::box() 创建box, type=smhd, size=16
[MP4] MP4::box() 创建box, type=dref, size=28
[MP4] MP4::box() 创建box, type=dinf, size=36
[MP4] MP4::box() 创建box, type=esds, size=39
[MP4] MP4::box() 创建box, type=mp4a, size=75
[MP4] MP4::box() 创建box, type=stsd, size=91
[MP4] MP4::box() 创建box, type=stts, size=16
[MP4] MP4::box() 创建box, type=stsc, size=16
[MP4] MP4::box() 创建box, type=stsz, size=20
[MP4] MP4::box() 创建box, type=stco, size=16
[MP4] MP4::box() 创建box, type=stbl, size=167
[MP4] MP4::box() 创建box, type=minf, size=227
[MP4] MP4::box() 创建box, type=mdia, size=312
[MP4] MP4::box() 创建box, type=trak, size=412
[MP4] MP4::box() 创建box, type=trex, size=32
[MP4] MP4::box() 创建box, type=trex, size=32
[MP4] MP4::box() 创建box, type=mvex, size=72
[MP4] MP4::box() 创建box, type=moov, size=1082
[MP4] MP4::generateInitSegment() 完成，总大小=1106
[Flv2Fmp4] 初始化段大小=1106 bytes

[回调] 初始化段生成
大小: 1106 bytes
已写入: output/init.mp4
[TagDemux] 解析视频标签, 时间戳=0
[TagDemux] 解析视频标签, 时间戳=2228224
[TagDemux] 解析音频标签, 时间戳=2883584
[TagDemux] 解析视频标签, 时间戳=4390912
[TagDemux] 解析音频标签, 时间戳=4390912
[TagDemux] 解析音频标签, 时间戳=5898240
[TagDemux] 解析视频标签, 时间戳=6553600
[TagDemux] 解析音频标签, 时间戳=7405568
[TagDemux] 解析视频标签, 时间戳=8781824
[TagDemux] 解析音频标签, 时间戳=8978432
[TagDemux] 解析音频标签, 时间戳=10485760
[TagDemux] 解析视频标签, 时间戳=10944512
[TagDemux] 解析音频标签, 时间戳=11993088
[TagDemux] 解析视频标签, 时间戳=13107200
[TagDemux] 解析音频标签, 时间戳=13500416
[TagDemux] 解析音频标签, 时间戳=15073280
[TagDemux] 解析视频标签, 时间戳=15335424
[TagDemux] 解析音频标签, 时间戳=16580608
[TagDemux] 解析视频标签, 时间戳=721152
[TagDemux] 解析音频标签, 时间戳=1310976
[TagDemux] 解析音频标签, 时间戳=2818304
[TagDemux] 解析视频标签, 时间戳=2883840
[TagDemux] 解析音频标签, 时间戳=4325632
[TagDemux] 解析视频标签, 时间戳=5112064
[TagDemux] 解析音频标签, 时间戳=5898496
[TagDemux] 解析视频标签, 时间戳=7274752
[TagDemux] 解析音频标签, 时间戳=7405824
[TagDemux] 解析音频标签, 时间戳=8913152
[TagDemux] 解析视频标签, 时间戳=9437440
[TagDemux] 解析音频标签, 时间戳=10420480
[TagDemux] 解析视频标签, 时间戳=11665664
[TagDemux] 解析音频标签, 时间戳=11993344
[TagDemux] 解析音频标签, 时间戳=13500672
[TagDemux] 解析视频标签, 时间戳=13828352
[TagDemux] 解析音频标签, 时间戳=15008000
[TagDemux] 解析视频标签, 时间戳=15991040
[TagDemux] 解析音频标签, 时间戳=16515328
[TagDemux] 解析音频标签, 时间戳=1245696
[TagDemux] 解析视频标签, 时间戳=1442304
[TagDemux] 解析音频标签, 时间戳=2818560
[TagDemux] 解析视频标签, 时间戳=3604992
[TagDemux] 解析音频标签, 时间戳=4325888
[TagDemux] 解析视频标签, 时间戳=5767680
[TagDemux] 解析音频标签, 时间戳=5833216
[TagDemux] 解析音频标签, 时间戳=7340544
[TagDemux] 解析视频标签, 时间戳=7995904
[TagDemux] 解析音频标签, 时间戳=8847872
[TagDemux] 解析视频标签, 时间戳=10158592
[TagDemux] 解析音频标签, 时间戳=10420736
[TagDemux] 解析音频标签, 时间戳=11928064
[TagDemux] 解析视频标签, 时间戳=12321280
[TagDemux] 解析音频标签, 时间戳=13435392
[TagDemux] 解析视频标签, 时间戳=14549504
[TagDemux] 解析音频标签, 时间戳=14942720
[TagDemux] 解析音频标签, 时间戳=16515584
[TagDemux] 解析视频标签, 时间戳=16712192
[TagDemux] 解析音频标签, 时间戳=1245952
[TagDemux] 解析视频标签, 时间戳=2097920
[TagDemux] 解析音频标签, 时间戳=2753280
[TagDemux] 解析音频标签, 时间戳=4260608
[TagDemux] 解析视频标签, 时间戳=4326144
[TagDemux] 解析音频标签, 时间戳=5767936
[TagDemux] 解析视频标签, 时间戳=6488832
[TagDemux] 解析音频标签, 时间戳=7340800
[TagDemux] 解析视频标签, 时间戳=8651520
[TagDemux] 解析音频标签, 时间戳=8848128
[TagDemux] 解析音频标签, 时间戳=10355456
[TagDemux] 解析视频标签, 时间戳=10879744
[TagDemux] 解析音频标签, 时间戳=11862784
[TagDemux] 解析视频标签, 时间戳=13042432
[TagDemux] 解析音频标签, 时间戳=13435648
[TagDemux] 解析音频标签, 时间戳=14942976
[TagDemux] 解析视频标签, 时间戳=15205120
[TagDemux] 解析音频标签, 时间戳=16450304
[TagDemux] 解析视频标签, 时间戳=656384
[TagDemux] 解析音频标签, 时间戳=1180672
[TagDemux] 解析音频标签, 时间戳=2688000
[TagDemux] 解析视频标签, 时间戳=2819072
[TagDemux] 解析音频标签, 时间戳=4260864
[TagDemux] 解析视频标签, 时间戳=4981760
[TagDemux] 解析音频标签, 时间戳=5768192
[TagDemux] 解析视频标签, 时间戳=7209984
[TagDemux] 解析音频标签, 时间戳=7275520
[TagDemux] 解析音频标签, 时间戳=8782848
[TagDemux] 解析视频标签, 时间戳=9372672
[TagDemux] 解析音频标签, 时间戳=10355712
[TagDemux] 解析视频标签, 时间戳=11535360
[TagDemux] 解析音频标签, 时间戳=11863040
[TagDemux] 解析音频标签, 时间戳=13370368
[TagDemux] 解析视频标签, 时间戳=13763584
[TagDemux] 解析音频标签, 时间戳=14877696
[TagDemux] 解析视频标签, 时间戳=15926272
[TagDemux] 解析音频标签, 时间戳=16385024
[TagDemux] 解析音频标签, 时间戳=1180928
[TagDemux] 解析视频标签, 时间戳=1312000
[TagDemux] 解析音频标签, 时间戳=2688256
[TagDemux] 解析视频标签, 时间戳=3540224
[TagDemux] 解析音频标签, 时间戳=4195584
[TagDemux] 解析视频标签, 时间戳=5702912
[TagDemux] 解析音频标签, 时间戳=5702912
[TagDemux] 解析音频标签, 时间戳=7275776
[TagDemux] 解析视频标签, 时间戳=7865600
[TagDemux] 解析音频标签, 时间戳=8783104
[TagDemux] 解析视频标签, 时间戳=10093824
[TagDemux] 解析音频标签, 时间戳=10290432
[TagDemux] 解析音频标签, 时间戳=11797760
[TagDemux] 解析视频标签, 时间戳=12256512
[TagDemux] 解析音频标签, 时间戳=13305088
[TagDemux] 解析视频标签, 时间戳=14419200
[TagDemux] 解析音频标签, 时间戳=14877952
[TagDemux] 解析音频标签, 时间戳=16385280
[TagDemux] 解析视频标签, 时间戳=16647424
[TagDemux] 解析音频标签, 时间戳=1115648
[TagDemux] 解析视频标签, 时间戳=2033152
[TagDemux] 解析音频标签, 时间戳=2622976
[TagDemux] 解析视频标签, 时间戳=4195840
[TagDemux] 解析音频标签, 时间戳=4195840
[TagDemux] 解析音频标签, 时间戳=5703168
[TagDemux] 解析视频标签, 时间戳=6424064
[TagDemux] 解析音频标签, 时间戳=7210496
[TagDemux] 解析视频标签, 时间戳=8586752
[TagDemux] 解析音频标签, 时间戳=8717824
[TagDemux] 解析音频标签, 时间戳=10225152
[TagDemux] 解析视频标签, 时间戳=10749440
[TagDemux] 解析音频标签, 时间戳=11798016
[TagDemux] 解析视频标签, 时间戳=12977664
[TagDemux] 解析音频标签, 时间戳=13305344
[TagDemux] 解析音频标签, 时间戳=14812672
[TagDemux] 解析视频标签, 时间戳=15140352
[TagDemux] 解析音频标签, 时间戳=16320000
[TagDemux] 解析视频标签, 时间戳=526080
[TagDemux] 解析音频标签, 时间戳=1050368
[TagDemux] 解析音频标签, 时间戳=2623232
[TagDemux] 解析视频标签, 时间戳=2754304
[TagDemux] 解析音频标签, 时间戳=4130560
[TagDemux] 解析视频标签, 时间戳=4916992
[TagDemux] 解析音频标签, 时间戳=5637888
[TagDemux] 解析视频标签, 时间戳=7079680
[TagDemux] 解析音频标签, 时间戳=7145216
[TagDemux] 解析音频标签, 时间戳=8718080
[TagDemux] 解析视频标签, 时间戳=9307904
[TagDemux] 解析音频标签, 时间戳=10225408
[TagDemux] 解析视频标签, 时间戳=11470592
[TagDemux] 解析音频标签, 时间戳=11732736
[TagDemux] 解析音频标签, 时间戳=13240064
[TagDemux] 解析视频标签, 时间戳=13633280
[TagDemux] 解析音频标签, 时间戳=14747392
[TagDemux] 解析视频标签, 时间戳=15861504
[TagDemux] 解析音频标签, 时间戳=16320256
[TagDemux] 解析音频标签, 时间戳=1050624
[TagDemux] 解析视频标签, 时间戳=1247232
[TagDemux] 解析音频标签, 时间戳=2557952
[TagDemux] 解析视频标签, 时间戳=3409920
[TagDemux] 解析音频标签, 时间戳=4065280
[TagDemux] 解析视频标签, 时间戳=5638144
[TagDemux] 解析音频标签, 时间戳=5638144
[TagDemux] 解析音频标签, 时间戳=7145472
[TagDemux] 解析视频标签, 时间戳=7800832
[TagDemux] 解析音频标签, 时间戳=8652800
[TagDemux] 解析视频标签, 时间戳=9963520
[TagDemux] 解析音频标签, 时间戳=10160128
[TagDemux] 解析音频标签, 时间戳=11667456
[TagDemux] 解析视频标签, 时间戳=12191744
[TagDemux] 解析音频标签, 时间戳=13240320
[TagDemux] 解析视频标签, 时间戳=14354432
[TagDemux] 解析音频标签, 时间戳=14747648
[TagDemux] 解析音频标签, 时间戳=16254976
[TagDemux] 解析视频标签, 时间戳=16517120
[TagDemux] 解析音频标签, 时间戳=985344
[TagDemux] 解析视频标签, 时间戳=1968384
[TagDemux] 解析音频标签, 时间戳=2558208
[TagDemux] 解析音频标签, 时间戳=4065536
[TagDemux] 解析视频标签, 时间戳=4131072
[TagDemux] 解析音频标签, 时间戳=5572864
[TagDemux] 解析视频标签, 时间戳=6293760
[TagDemux] 解析音频标签, 时间戳=7080192
[TagDemux] 解析视频标签, 时间戳=8521984
[TagDemux] 解析音频标签, 时间戳=8587520
[TagDemux] 解析音频标签, 时间戳=10160384
[TagDemux] 解析视频标签, 时间戳=10684672
[TagDemux] 解析音频标签, 时间戳=11667712
[TagDemux] 解析视频标签, 时间戳=12847360
[TagDemux] 解析音频标签, 时间戳=13175040
[TagDemux] 解析音频标签, 时间戳=14682368
[TagDemux] 解析视频标签, 时间戳=15075584
[TagDemux] 解析音频标签, 时间戳=16255232
[TagDemux] 解析视频标签, 时间戳=461312
[TagDemux] 解析音频标签, 时间戳=985600
[TagDemux] 解析音频标签, 时间戳=2492928
[TagDemux] 解析视频标签, 时间戳=2624000
[TagDemux] 解析音频标签, 时间戳=4000256
[TagDemux] 解析视频标签, 时间戳=4852224
[TagDemux] 解析音频标签, 时间戳=5507584
[TagDemux] 解析视频标签, 时间戳=7014912
[TagDemux] 解析音频标签, 时间戳=7080448
[TagDemux] 解析音频标签, 时间戳=8587776
[TagDemux] 解析视频标签, 时间戳=9177600
[TagDemux] 解析音频标签, 时间戳=10095104
[TagDemux] 解析视频标签, 时间戳=11405824
[TagDemux] 解析音频标签, 时间戳=11602432
[TagDemux] 解析音频标签, 时间戳=13175296
[TagDemux] 解析视频标签, 时间戳=13568512
[TagDemux] 解析音频标签, 时间戳=14682624
[TagDemux] 解析视频标签, 时间戳=15731200
[TagDemux] 解析音频标签, 时间戳=16189952
[TagDemux] 解析音频标签, 时间戳=920320
[TagDemux] 解析视频标签, 时间戳=1182464
[TagDemux] 解析音频标签, 时间戳=2427648
[TagDemux] 解析视频标签, 时间戳=3345152
[TagDemux] 解析音频标签, 时间戳=4000512
[TagDemux] 解析视频标签, 时间戳=5507840
[TagDemux] 解析音频标签, 时间戳=5507840
[TagDemux] 解析音频标签, 时间戳=7015168
[TagDemux] 解析视频标签, 时间戳=7736064
[TagDemux] 解析音频标签, 时间戳=8522496
[TagDemux] 解析视频标签, 时间戳=9898752
[TagDemux] 解析音频标签, 时间戳=10029824
[TagDemux] 解析音频标签, 时间戳=11602688
[TagDemux] 解析视频标签, 时间戳=12061440
[TagDemux] 解析音频标签, 时间戳=13110016
[TagDemux] 解析视频标签, 时间戳=14289664
[TagDemux] 解析音频标签, 时间戳=14617344
[TagDemux] 解析音频标签, 时间戳=16124672
[TagDemux] 解析视频标签, 时间戳=16452352
[TagDemux] 解析音频标签, 时间戳=920576
[TagDemux] 解析视频标签, 时间戳=1838080
[TagDemux] 解析音频标签, 时间戳=2427904
[TagDemux] 解析音频标签, 时间戳=3935232
[TagDemux] 解析视频标签, 时间戳=4066304
[TagDemux] 解析音频标签, 时间戳=5442560
[TagDemux] 解析视频标签, 时间戳=6228992
[TagDemux] 解析音频标签, 时间戳=6949888
[TagDemux] 解析视频标签, 时间戳=8391680
[TagDemux] 解析音频标签, 时间戳=8522752
[TagDemux] 解析音频标签, 时间戳=10030080
[TagDemux] 解析视频标签, 时间戳=10619904
[TagDemux] 解析音频标签, 时间戳=11537408
[TagDemux] 解析视频标签, 时间戳=12782592
[TagDemux] 解析音频标签, 时间戳=13044736
[TagDemux] 解析音频标签, 时间戳=14617600
[TagDemux] 解析视频标签, 时间戳=14945280
[TagDemux] 解析音频标签, 时间戳=16124928
[TagDemux] 解析视频标签, 时间戳=396544
[TagDemux] 解析音频标签, 时间戳=855296
[TagDemux] 解析音频标签, 时间戳=2362624
[TagDemux] 解析视频标签, 时间戳=2559232
[TagDemux] 解析音频标签, 时间戳=3869952
[TagDemux] 解析视频标签, 时间戳=4721920
[TagDemux] 解析音频标签, 时间戳=5442816
[TagDemux] 解析视频标签, 时间戳=6950144
[TagDemux] 解析音频标签, 时间戳=6950144
[TagDemux] 解析音频标签, 时间戳=8457472
[TagDemux] 解析视频标签, 时间戳=9112832
[TagDemux] 解析音频标签, 时间戳=9964800
[TagDemux] 解析视频标签, 时间戳=11275520
[TagDemux] 解析音频标签, 时间戳=11537664
[TagDemux] 解析音频标签, 时间戳=13044992
[TagDemux] 解析视频标签, 时间戳=13503744
[TagDemux] 解析音频标签, 时间戳=14552320
[TagDemux] 解析视频标签, 时间戳=15666432
[TagDemux] 解析音频标签, 时间戳=16059648
[TagDemux] 解析音频标签, 时间戳=790016
[TagDemux] 解析视频标签, 时间戳=1052160
[TagDemux] 解析音频标签, 时间戳=2362880
[TagDemux] 解析视频标签, 时间戳=3280384
[TagDemux] 解析音频标签, 时间戳=3870208
[TagDemux] 解析音频标签, 时间戳=5377536
[TagDemux] 解析视频标签, 时间戳=5443072
[TagDemux] 解析音频标签, 时间戳=6884864
[TagDemux] 解析视频标签, 时间戳=7605760
[TagDemux] 解析音频标签, 时间戳=8457728
[TagDemux] 解析视频标签, 时间戳=9833984
[TagDemux] 解析音频标签, 时间戳=9965056
[TagDemux] 解析音频标签, 时间戳=11472384
[TagDemux] 解析视频标签, 时间戳=11996672
[TagDemux] 解析音频标签, 时间戳=12979712
[TagDemux] 解析视频标签, 时间戳=14159360
[TagDemux] 解析音频标签, 时间戳=14487040
[TagDemux] 解析音频标签, 时间戳=16059904
[TagDemux] 解析视频标签, 时间戳=16387584
[TagDemux] 解析音频标签, 时间戳=790272
[TagDemux] 解析视频标签, 时间戳=1773312
[TagDemux] 解析音频标签, 时间戳=2297600
[TagDemux] 解析音频标签, 时间戳=3804928
[TagDemux] 解析视频标签, 时间戳=3936000
[TagDemux] 解析音频标签, 时间戳=5377792
[TagDemux] 解析视频标签, 时间戳=6164224
[TagDemux] 解析音频标签, 时间戳=6885120
[TagDemux] 解析视频标签, 时间戳=8326912
[TagDemux] 解析音频标签, 时间戳=8392448
[TagDemux] 解析音频标签, 时间戳=9899776
[TagDemux] 解析视频标签, 时间戳=10489600
[TagDemux] 解析音频标签, 时间戳=11407104
[TagDemux] 解析视频标签, 时间戳=12717824
[TagDemux] 解析音频标签, 时间戳=12979968
[TagDemux] 解析音频标签, 时间戳=14487296
[TagDemux] 解析视频标签, 时间戳=14880512
[TagDemux] 解析音频标签, 时间戳=15994624
[TagDemux] 解析视频标签, 时间戳=266240
[TagDemux] 解析音频标签, 时间戳=724992
[TagDemux] 解析音频标签, 时间戳=2232320
[TagDemux] 解析视频标签, 时间戳=2494464
[TagDemux] 解析音频标签, 时间戳=3805184
[TagDemux] 解析视频标签, 时间戳=4657152
[TagDemux] 解析音频标签, 时间戳=5312512
[TagDemux] 解析视频标签, 时间戳=6819840
[TagDemux] 解析音频标签, 时间戳=6819840
[TagDemux] 解析音频标签, 时间戳=8327168
[TagDemux] 解析视频标签, 时间戳=9048064
[TagDemux] 解析音频标签, 时间戳=9900032
[TagDemux] 解析视频标签, 时间戳=11210752
[TagDemux] 解析音频标签, 时间戳=11407360
[TagDemux] 解析音频标签, 时间戳=12914688
[TagDemux] 解析视频标签, 时间戳=13373440
[TagDemux] 解析音频标签, 时间戳=14422016
[TagDemux] 解析视频标签, 时间戳=15601664
[TagDemux] 解析音频标签, 时间戳=15929344
[TagDemux] 解析音频标签, 时间戳=725248
[TagDemux] 解析视频标签, 时间戳=987392
[TagDemux] 解析音频标签, 时间戳=2232576
[TagDemux] 解析视频标签, 时间戳=3150080
[TagDemux] 解析音频标签, 时间戳=3739904
[TagDemux] 解析音频标签, 时间戳=5247232
[TagDemux] 解析视频标签, 时间戳=5378304
[TagDemux] 解析音频标签, 时间戳=6820096
[TagDemux] 解析视频标签, 时间戳=7540992
[TagDemux] 解析音频标签, 时间戳=8327424
[TagDemux] 解析视频标签, 时间戳=9703680
[TagDemux] 解析音频标签, 时间戳=9834752
[TagDemux] 解析音频标签, 时间戳=11342080
[TagDemux] 解析视频标签, 时间戳=11931904
[TagDemux] 解析音频标签, 时间戳=12849408
[TagDemux] 解析视频标签, 时间戳=14094592
[TagDemux] 解析音频标签, 时间戳=14422272
[TagDemux] 解析音频标签, 时间戳=15929600
[TagDemux] 解析视频标签, 时间戳=16257280
[TagDemux] 解析音频标签, 时间戳=659968
[TagDemux] 解析视频标签, 时间戳=1708544
[TagDemux] 解析音频标签, 时间戳=2167296
[TagDemux] 解析音频标签, 时间戳=3740160
[TagDemux] 解析视频标签, 时间戳=3871232
[TagDemux] 解析音频标签, 时间戳=5247488
[TagDemux] 解析视频标签, 时间戳=6033920
[TagDemux] 解析音频标签, 时间戳=6754816
[TagDemux] 解析视频标签, 时间戳=8262144
[TagDemux] 解析音频标签, 时间戳=8262144
[TagDemux] 解析音频标签, 时间戳=9769472
[TagDemux] 解析视频标签, 时间戳=10424832
[TagDemux] 解析音频标签, 时间戳=11342336
[TagDemux] 解析视频标签, 时间戳=12587520
[TagDemux] 解析音频标签, 时间戳=12849664
[TagDemux] 解析音频标签, 时间戳=14356992
[TagDemux] 解析视频标签, 时间戳=14815744
[TagDemux] 解析音频标签, 时间戳=15864320
[TagDemux] 解析视频标签, 时间戳=201472
[TagDemux] 解析音频标签, 时间戳=660224
[TagDemux] 解析音频标签, 时间戳=2167552
[TagDemux] 解析视频标签, 时间戳=2364160
[TagDemux] 解析音频标签, 时间戳=3674880
[TagDemux] 解析视频标签, 时间戳=4592384
[TagDemux] 解析音频标签, 时间戳=5182208
[TagDemux] 解析音频标签, 时间戳=6689536
[TagDemux] 解析视频标签, 时间戳=6755072
[TagDemux] 解析音频标签, 时间戳=8262400
[TagDemux] 解析视频标签, 时间戳=8917760
[TagDemux] 解析音频标签, 时间戳=9769728
[TagDemux] 解析视频标签, 时间戳=11145984
[TagDemux] 解析音频标签, 时间戳=11277056
[TagDemux] 解析音频标签, 时间戳=12784384
[TagDemux] 解析视频标签, 时间戳=13308672
[TagDemux] 解析音频标签, 时间戳=14357248
[TagDemux] 解析视频标签, 时间戳=15471360
[TagDemux] 解析音频标签, 时间戳=15864576
[TagDemux] 解析音频标签, 时间戳=594944
[TagDemux] 解析视频标签, 时间戳=922624
[TagDemux] 解析音频标签, 时间戳=2102272
[TagDemux] 解析视频标签, 时间戳=3085312
[TagDemux] 解析音频标签, 时间戳=3609600
[TagDemux] 解析音频标签, 时间戳=5182464
[TagDemux] 解析视频标签, 时间戳=5248000
[TagDemux] 解析音频标签, 时间戳=6689792
[TagDemux] 解析视频标签, 时间戳=7476224
[TagDemux] 解析音频标签, 时间戳=8197120
[TagDemux] 解析视频标签, 时间戳=9638912
[TagDemux] 解析音频标签, 时间戳=9704448
[TagDemux] 解析音频标签, 时间戳=11211776
[TagDemux] 解析视频标签, 时间戳=11801600
[TagDemux] 解析音频标签, 时间戳=12784640
[TagDemux] 解析视频标签, 时间戳=14029824
[TagDemux] 解析音频标签, 时间戳=14291968
[TagDemux] 解析音频标签, 时间戳=15799296
[TagDemux] 解析视频标签, 时间戳=16192512
[TagDemux] 解析音频标签, 时间戳=529664
[TagDemux] 解析视频标签, 时间戳=1578240
[TagDemux] 解析音频标签, 时间戳=2102528
[TagDemux] 解析音频标签, 时间戳=3609856
[TagDemux] 解析视频标签, 时间戳=3806464
[TagDemux] 解析音频标签, 时间戳=5117184
[TagDemux] 解析视频标签, 时间戳=5969152
[TagDemux] 解析音频标签, 时间戳=6624512
[TagDemux] 解析视频标签, 时间戳=8131840
[TagDemux] 解析音频标签, 时间戳=8131840
[TagDemux] 解析音频标签, 时间戳=9704704
[TagDemux] 解析视频标签, 时间戳=10360064
[TagDemux] 解析音频标签, 时间戳=11212032
[TagDemux] 解析视频标签, 时间戳=12522752
[TagDemux] 解析音频标签, 时间戳=12719360
[TagDemux] 解析音频标签, 时间戳=14226688
[TagDemux] 解析视频标签, 时间戳=14685440
[TagDemux] 解析音频标签, 时间戳=15799552
[TagDemux] 解析视频标签, 时间戳=136704
[TagDemux] 解析音频标签, 时间戳=529920
[TagDemux] 解析音频标签, 时间戳=2037248
[TagDemux] 解析视频标签, 时间戳=2299392
[TagDemux] 解析音频标签, 时间戳=3544576
[TagDemux] 解析视频标签, 时间戳=4462080
[TagDemux] 解析音频标签, 时间戳=5051904
[TagDemux] 解析音频标签, 时间戳=6624768
[TagDemux] 解析视频标签, 时间戳=6690304
[TagDemux] 解析音频标签, 时间戳=8132096
[TagDemux] 解析视频标签, 时间戳=8852992
[TagDemux] 解析音频标签, 时间戳=9639424
[TagDemux] 解析视频标签, 时间戳=11015680
[TagDemux] 解析音频标签, 时间戳=11146752
[TagDemux] 解析音频标签, 时间戳=12719616
[TagDemux] 解析视频标签, 时间戳=13243904
[TagDemux] 解析音频标签, 时间戳=14226944
[TagDemux] 解析视频标签, 时间戳=15406592
[TagDemux] 解析音频标签, 时间戳=15734272
[TagDemux] 解析音频标签, 时间戳=464640
[TagDemux] 解析视频标签, 时间戳=792320
[TagDemux] 解析音频标签, 时间戳=1971968
[TagDemux] 解析视频标签, 时间戳=3020544
[TagDemux] 解析音频标签, 时间戳=3544832
[TagDemux] 解析音频标签, 时间戳=5052160
[TagDemux] 解析视频标签, 时间戳=5183232
[TagDemux] 解析音频标签, 时间戳=6559488
[TagDemux] 解析视频标签, 时间戳=7345920
[TagDemux] 解析音频标签, 时间戳=8066816
[TagDemux] 解析视频标签, 时间戳=9574144
[TagDemux] 解析音频标签, 时间戳=9639680
[TagDemux] 解析音频标签, 时间戳=11147008
[TagDemux] 解析视频标签, 时间戳=11736832
[TagDemux] 解析音频标签, 时间戳=12654336
[TagDemux] 解析视频标签, 时间戳=13899520
[TagDemux] 解析音频标签, 时间戳=14161664
[TagDemux] 解析音频标签, 时间戳=15668992
[TagDemux] 解析视频标签, 时间戳=16127744
[TagDemux] 解析音频标签, 时间戳=464896
[TagDemux] 解析视频标签, 时间戳=1513472
[TagDemux] 解析音频标签, 时间戳=1972224
[TagDemux] 解析音频标签, 时间戳=3479552
[TagDemux] 解析视频标签, 时间戳=3676160
[TagDemux] 解析音频标签, 时间戳=4986880
[TagDemux] 解析视频标签, 时间戳=5904384
[TagDemux] 解析音频标签, 时间戳=6559744
[TagDemux] 解析视频标签, 时间戳=8067072
[TagDemux] 解析音频标签, 时间戳=8067072
[TagDemux] 解析音频标签, 时间戳=9574400
[TagDemux] 解析视频标签, 时间戳=10229760
[TagDemux] 解析音频标签, 时间戳=11081728
[TagDemux] 解析视频标签, 时间戳=12457984
[TagDemux] 解析音频标签, 时间戳=12589056
[TagDemux] 解析音频标签, 时间戳=14161920
[TagDemux] 解析视频标签, 时间戳=14620672
[TagDemux] 解析音频标签, 时间戳=15669248
[TagDemux] 解析视频标签, 时间戳=6400
[TagDemux] 解析音频标签, 时间戳=399616
[TagDemux] 解析音频标签, 时间戳=1906944
[TagDemux] 解析视频标签, 时间戳=2234624
[TagDemux] 解析音频标签, 时间戳=3414272
[TagDemux] 解析视频标签, 时间戳=4397312
[TagDemux] 解析音频标签, 时间戳=4987136
[TagDemux] 解析音频标签, 时间戳=6494464
[TagDemux] 解析视频标签, 时间戳=6560000
[TagDemux] 解析音频标签, 时间戳=8001792
[TagDemux] 解析视频标签, 时间戳=8788224
[TagDemux] 解析音频标签, 时间戳=9509120
[TagDemux] 解析视频标签, 时间戳=10950912
[TagDemux] 解析音频标签, 时间戳=11081984
[TagDemux] 解析音频标签, 时间戳=12589312
[TagDemux] 解析视频标签, 时间戳=13113600
[TagDemux] 解析音频标签, 时间戳=14096640
[TagDemux] 解析视频标签, 时间戳=15341824
[TagDemux] 解析音频标签, 时间戳=15603968
[TagDemux] 解析音频标签, 时间戳=334336
[TagDemux] 解析视频标签, 时间戳=727552
[TagDemux] 解析音频标签, 时间戳=1907200
[TagDemux] 解析视频标签, 时间戳=2890240
[TagDemux] 解析音频标签, 时间戳=3414528
[TagDemux] 解析音频标签, 时间戳=4921856
[TagDemux] 解析视频标签, 时间戳=5118464
[TagDemux] 解析音频标签, 时间戳=6429184
[TagDemux] 解析视频标签, 时间戳=7281152
[TagDemux] 解析音频标签, 时间戳=8002048
[TagDemux] 解析视频标签, 时间戳=9443840
[TagDemux] 解析音频标签, 时间戳=9509376
[TagDemux] 解析音频标签, 时间戳=11016704
[TagDemux] 解析视频标签, 时间戳=11672064
[TagDemux] 解析音频标签, 时间戳=12524032
[TagDemux] 解析视频标签, 时间戳=13834752
[TagDemux] 解析音频标签, 时间戳=14031360
[TagDemux] 解析音频标签, 时间戳=15604224
[TagDemux] 解析视频标签, 时间戳=15997440
[TagDemux] 解析音频标签, 时间戳=334592
[TagDemux] 解析视频标签, 时间戳=1448704
[TagDemux] 解析音频标签, 时间戳=1841920
[TagDemux] 解析音频标签, 时间戳=3349248
[TagDemux] 解析视频标签, 时间戳=3611392
[TagDemux] 解析音频标签, 时间戳=4922112
[TagDemux] 解析视频标签, 时间戳=5774080
[TagDemux] 解析音频标签, 时间戳=6429440
[TagDemux] 解析音频标签, 时间戳=7936768
[TagDemux] 解析视频标签, 时间戳=8002304
[TagDemux] 解析音频标签, 时间戳=9444096
[TagDemux] 解析视频标签, 时间戳=10164992
[TagDemux] 解析音频标签, 时间戳=10951424
[TagDemux] 解析视频标签, 时间戳=12327680
[TagDemux] 解析音频标签, 时间戳=12524288
[TagDemux] 解析音频标签, 时间戳=14031616
[TagDemux] 解析视频标签, 时间戳=14555904
[TagDemux] 解析音频标签, 时间戳=15538944
[TagDemux] 解析视频标签, 时间戳=16718592
[TagDemux] 解析音频标签, 时间戳=269312
[TagDemux] 解析音频标签, 时间戳=1842176
[TagDemux] 解析视频标签, 时间戳=2104320
[TagDemux] 解析音频标签, 时间戳=3349504
[TagDemux] 解析视频标签, 时间戳=4332544
[TagDemux] 解析音频标签, 时间戳=4856832
[TagDemux] 解析音频标签, 时间戳=6364160
[TagDemux] 解析视频标签, 时间戳=6495232
[TagDemux] 解析音频标签, 时间戳=7871488
[TagDemux] 解析视频标签, 时间戳=8657920
[TagDemux] 解析音频标签, 时间戳=9444352
[TagDemux] 解析视频标签, 时间戳=10886144
[TagDemux] 解析音频标签, 时间戳=10951680
[TagDemux] 解析音频标签, 时间戳=12459008
[TagDemux] 解析视频标签, 时间戳=13048832
[TagDemux] 解析音频标签, 时间戳=13966336
[TagDemux] 解析视频标签, 时间戳=15211520
[TagDemux] 解析音频标签, 时间戳=15539200
[TagDemux] 解析音频标签, 时间戳=269568
[TagDemux] 解析视频标签, 时间戳=662784
[TagDemux] 解析音频标签, 时间戳=1776896
[TagDemux] 解析视频标签, 时间戳=2825472
[TagDemux] 解析音频标签, 时间戳=3284224
[TagDemux] 解析音频标签, 时间戳=4791552
[TagDemux] 解析视频标签, 时间戳=4988160
[TagDemux] 解析音频标签, 时间戳=6364416
[TagDemux] 解析视频标签, 时间戳=7216384
[TagDemux] 解析音频标签, 时间戳=7871744
[TagDemux] 解析视频标签, 时间戳=9379072
[TagDemux] 解析音频标签, 时间戳=9379072
[TagDemux] 解析音频标签, 时间戳=10886400
[TagDemux] 解析视频标签, 时间戳=11541760
[TagDemux] 解析音频标签, 时间戳=12393728
[TagDemux] 解析视频标签, 时间戳=13769984
[TagDemux] 解析音频标签, 时间戳=13966592
[TagDemux] 解析音频标签, 时间戳=15473920
[TagDemux] 解析视频标签, 时间戳=15932672
[TagDemux] 解析音频标签, 时间戳=204288
[TagDemux] 解析视频标签, 时间戳=1318400
[TagDemux] 解析音频标签, 时间戳=1711616
[TagDemux] 解析音频标签, 时间戳=3284480
[TagDemux] 解析视频标签, 时间戳=3546624
[TagDemux] 解析音频标签, 时间戳=4791808
[TagDemux] 解析视频标签, 时间戳=5709312
[TagDemux] 解析音频标签, 时间戳=6299136
[TagDemux] 解析音频标签, 时间戳=7806464
[TagDemux] 解析视频标签, 时间戳=7872000
[TagDemux] 解析音频标签, 时间戳=9313792
[TagDemux] 解析视频标签, 时间戳=10100224
[TagDemux] 解析音频标签, 时间戳=10886656
[TagDemux] 解析视频标签, 时间戳=12262912
[TagDemux] 解析音频标签, 时间戳=12393984
[TagDemux] 解析音频标签, 时间戳=13901312
[TagDemux] 解析视频标签, 时间戳=14425600
[TagDemux] 解析音频标签, 时间戳=15408640
[TagDemux] 解析视频标签, 时间戳=16653824
[TagDemux] 解析音频标签, 时间戳=204544
[TagDemux] 解析音频标签, 时间戳=1711872
[TagDemux] 解析视频标签, 时间戳=2039552
[TagDemux] 解析音频标签, 时间戳=3219200
[TagDemux] 解析视频标签, 时间戳=4202240
[TagDemux] 解析音频标签, 时间戳=4726528
[TagDemux] 解析音频标签, 时间戳=6233856
[TagDemux] 解析视频标签, 时间戳=6430464
[TagDemux] 解析音频标签, 时间戳=7806720
[TagDemux] 解析视频标签, 时间戳=8593152
[TagDemux] 解析音频标签, 时间戳=9314048
[TagDemux] 解析视频标签, 时间戳=10755840
[TagDemux] 解析音频标签, 时间戳=10821376
[TagDemux] 解析音频标签, 时间戳=12328704
[TagDemux] 解析视频标签, 时间戳=12984064
[TagDemux] 解析音频标签, 时间戳=13901568
[TagDemux] 解析视频标签, 时间戳=15146752
[TagDemux] 解析音频标签, 时间戳=15408896
[TagDemux] 解析音频标签, 时间戳=139264
[TagDemux] 解析视频标签, 时间戳=532480
[TagDemux] 解析音频标签, 时间戳=1646592
[TagDemux] 解析视频标签, 时间戳=2760704
[TagDemux] 解析音频标签, 时间戳=3153920
[TagDemux] 解析音频标签, 时间戳=4726784
[TagDemux] 解析视频标签, 时间戳=4923392
[TagDemux] 解析音频标签, 时间戳=6234112
[TagDemux] 解析视频标签, 时间戳=7086080
[TagDemux] 解析音频标签, 时间戳=7741440
[TagDemux] 解析音频标签, 时间戳=9248768
[TagDemux] 解析视频标签, 时间戳=9314304
[TagDemux] 解析音频标签, 时间戳=10821632
[TagDemux] 解析视频标签, 时间戳=11476992
[TagDemux] 解析音频标签, 时间戳=12328960
[TagDemux] 解析视频标签, 时间戳=13639680
[TagDemux] 解析音频标签, 时间戳=13836288
[TagDemux] 解析音频标签, 时间戳=15343616
[TagDemux] 解析视频标签, 时间戳=15867904
[TagDemux] 解析音频标签, 时间戳=73984
[TagDemux] 解析视频标签, 时间戳=1253632
[TagDemux] 解析音频标签, 时间戳=1646848
[TagDemux] 解析音频标签, 时间戳=3154176
[TagDemux] 解析视频标签, 时间戳=3416320
[TagDemux] 解析音频标签, 时间戳=4661504
[TagDemux] 解析视频标签, 时间戳=5644544
[TagDemux] 解析音频标签, 时间戳=6168832
[TagDemux] 解析音频标签, 时间戳=7741696
[TagDemux] 解析视频标签, 时间戳=7807232
[TagDemux] 解析音频标签, 时间戳=9249024
[TagDemux] 解析视频标签, 时间戳=9969920
[TagDemux] 解析音频标签, 时间戳=10756352
[TagDemux] 解析视频标签, 时间戳=12198144
[TagDemux] 解析音频标签, 时间戳=12263680
[TagDemux] 解析音频标签, 时间戳=13771008
[TagDemux] 解析视频标签, 时间戳=14360832
[TagDemux] 解析音频标签, 时间戳=15343872
[TagDemux] 解析视频标签, 时间戳=16523520
[TagDemux] 解析音频标签, 时间戳=74240
[TagDemux] 解析音频标签, 时间戳=1581568
[TagDemux] 解析视频标签, 时间戳=1974784
[TagDemux] 解析音频标签, 时间戳=3088896
[TagDemux] 解析视频标签, 时间戳=4137472
[TagDemux] 解析音频标签, 时间戳=4596224
[TagDemux] 解析音频标签, 时间戳=6169088
[TagDemux] 解析视频标签, 时间戳=6300160
[TagDemux] 解析音频标签, 时间戳=7676416
[TagDemux] 解析视频标签, 时间戳=8528384
[TagDemux] 解析音频标签, 时间戳=9183744
[TagDemux] 解析视频标签, 时间戳=10691072
[TagDemux] 解析音频标签, 时间戳=10691072
[TagDemux] 解析音频标签, 时间戳=12263936
[TagDemux] 解析视频标签, 时间戳=12853760
[TagDemux] 解析音频标签, 时间戳=13771264
[TagDemux] 解析视频标签, 时间戳=15081984
[TagDemux] 解析音频标签, 时间戳=15278592
[TagDemux] 解析音频标签, 时间戳=8960
[TagDemux] 解析视频标签, 时间戳=467712
[TagDemux] 解析音频标签, 时间戳=1516288
[TagDemux] 解析视频标签, 时间戳=2630400
[TagDemux] 解析音频标签, 时间戳=3089152
[TagDemux] 解析音频标签, 时间戳=4596480
[TagDemux] 解析视频标签, 时间戳=4858624
[TagDemux] 解析音频标签, 时间戳=6103808
[TagDemux] 解析视频标签, 时间戳=7021312
[TagDemux] 解析音频标签, 时间戳=7611136
[TagDemux] 解析视频标签, 时间戳=9184000
[TagDemux] 解析音频标签, 时间戳=9184000
[TagDemux] 解析音频标签, 时间戳=10691328
[TagDemux] 解析视频标签, 时间戳=11412224
[TagDemux] 解析音频标签, 时间戳=12198656
[TagDemux] 解析视频标签, 时间戳=13574912
[TagDemux] 解析音频标签, 时间戳=13705984
[TagDemux] 解析音频标签, 时间戳=15213312
[TagDemux] 解析视频标签, 时间戳=15737600
[TagDemux] 解析音频标签, 时间戳=9216
[TagDemux] 解析视频标签, 时间戳=1188864
[TagDemux] 解析音频标签, 时间戳=1516544
[TagDemux] 解析音频标签, 时间戳=3023872
[TagDemux] 解析视频标签, 时间戳=3351552
[TagDemux] 解析音频标签, 时间戳=4531200
[TagDemux] 解析视频标签, 时间戳=5514240
[TagDemux] 解析音频标签, 时间戳=6104064
[TagDemux] 解析音频标签, 时间戳=7611392
[TagDemux] 解析视频标签, 时间戳=7742464
[TagDemux] 解析音频标签, 时间戳=9118720
[TagDemux] 解析视频标签, 时间戳=9905152
[TagDemux] 解析音频标签, 时间戳=10626048
[TagDemux] 解析视频标签, 时间戳=12067840
[TagDemux] 解析音频标签, 时间戳=12133376
[TagDemux] 解析音频标签, 时间戳=13706240
[TagDemux] 解析视频标签, 时间戳=14296064
[TagDemux] 解析音频标签, 时间戳=15213568
[TagDemux] 解析视频标签, 时间戳=16458752
[TagDemux] 解析音频标签, 时间戳=16720896
[TagDemux] 解析音频标签, 时间戳=1451264
[TagDemux] 解析视频标签, 时间戳=1844480
[TagDemux] 解析音频标签, 时间戳=3024128
[TagDemux] 解析视频标签, 时间戳=4072704
[TagDemux] 解析音频标签, 时间戳=4531456
[TagDemux] 解析音频标签, 时间戳=6038784
[TagDemux] 解析视频标签, 时间戳=6235392
[TagDemux] 解析音频标签, 时间戳=7546112
[TagDemux] 解析视频标签, 时间戳=8398080
[TagDemux] 解析音频标签, 时间戳=9053440
[TagDemux] 解析视频标签, 时间戳=10626304
[TagDemux] 解析音频标签, 时间戳=10626304
[TagDemux] 解析音频标签, 时间戳=12133632
[TagDemux] 解析视频标签, 时间戳=12788992
[TagDemux] 解析音频标签, 时间戳=13640960
[TagDemux] 解析视频标签, 时间戳=14951680
[TagDemux] 解析音频标签, 时间戳=15148288
[TagDemux] 解析音频标签, 时间戳=16721152
[TagDemux] 解析视频标签, 时间戳=402944
[TagDemux] 解析音频标签, 时间戳=1451520
[TagDemux] 解析视频标签, 时间戳=2565632
[TagDemux] 解析音频标签, 时间戳=2958848
[TagDemux] 解析音频标签, 时间戳=4466176
[TagDemux] 解析视频标签, 时间戳=4728320
[TagDemux] 解析音频标签, 时间戳=5973504
[TagDemux] 解析视频标签, 时间戳=6956544
[TagDemux] 解析音频标签, 时间戳=7546368
[TagDemux] 解析音频标签, 时间戳=9053696
[TagDemux] 解析视频标签, 时间戳=9119232
[TagDemux] 解析音频标签, 时间戳=10561024
[TagDemux] 解析视频标签, 时间戳=11281920
[TagDemux] 解析音频标签, 时间戳=12068352
[TagDemux] 解析视频标签, 时间戳=13510144
[TagDemux] 解析音频标签, 时间戳=13575680
[TagDemux] 解析音频标签, 时间戳=15148544
[TagDemux] 解析视频标签, 时间戳=15672832
[TagDemux] 解析音频标签, 时间戳=16655872
[TagDemux] 解析视频标签, 时间戳=1058560
[TagDemux] 解析音频标签, 时间戳=1386240
[TagDemux] 解析音频标签, 时间戳=2893568
[TagDemux] 解析视频标签, 时间戳=3286784
[TagDemux] 解析音频标签, 时间戳=4466432
[TagDemux] 解析视频标签, 时间戳=5449472
[TagDemux] 解析音频标签, 时间戳=5973760
[TagDemux] 解析音频标签, 时间戳=7481088
[TagDemux] 解析视频标签, 时间戳=7612160
[TagDemux] 解析音频标签, 时间戳=8988416
[TagDemux] 解析视频标签, 时间戳=9840384
[TagDemux] 解析音频标签, 时间戳=10495744
[TagDemux] 解析视频标签, 时间戳=12003072
[TagDemux] 解析音频标签, 时间戳=12068608
[TagDemux] 解析音频标签, 时间戳=13575936
[TagDemux] 解析视频标签, 时间戳=14165760
[TagDemux] 解析音频标签, 时间戳=15083264
[TagDemux] 解析视频标签, 时间戳=16393984
[TagDemux] 解析音频标签, 时间戳=16590592
[TagDemux] 解析音频标签, 时间戳=1386496
[TagDemux] 解析视频标签, 时间戳=1779712
[TagDemux] 解析音频标签, 时间戳=2893824
[TagDemux] 解析视频标签, 时间戳=3942400
[TagDemux] 解析音频标签, 时间戳=4401152
[TagDemux] 解析音频标签, 时间戳=5908480
[TagDemux] 解析视频标签, 时间戳=6170624
[TagDemux] 解析音频标签, 时间戳=7415808
[TagDemux] 解析视频标签, 时间戳=8333312
[TagDemux] 解析音频标签, 时间戳=8988672
[TagDemux] 解析视频标签, 时间戳=10496000
[TagDemux] 解析音频标签, 时间戳=10496000
[TagDemux] 解析音频标签, 时间戳=12003328
[TagDemux] 解析视频标签, 时间戳=12724224
[TagDemux] 解析音频标签, 时间戳=13510656
[TagDemux] 解析视频标签, 时间戳=14886912
[TagDemux] 解析音频标签, 时间戳=15083520
[TagDemux] 解析音频标签, 时间戳=16590848
[TagDemux] 解析视频标签, 时间戳=272640
[TagDemux] 解析音频标签, 时间戳=1321216
[TagDemux] 解析视频标签, 时间戳=2500864
[TagDemux] 解析音频标签, 时间戳=2828544
[TagDemux] 解析音频标签, 时间戳=4335872
[TagDemux] 解析视频标签, 时间戳=4663552
[TagDemux] 解析音频标签, 时间戳=5908736
[TagDemux] 解析视频标签, 时间戳=6826240
[TagDemux] 解析音频标签, 时间戳=7416064
[TagDemux] 解析音频标签, 时间戳=8923392
[TagDemux] 解析视频标签, 时间戳=9054464
[TagDemux] 解析音频标签, 时间戳=10430720
[TagDemux] 解析视频标签, 时间戳=11217152
[TagDemux] 解析音频标签, 时间戳=12003584
[TagDemux] 解析视频标签, 时间戳=13379840
[TagDemux] 解析音频标签, 时间戳=13510912
[TagDemux] 解析音频标签, 时间戳=15018240
[TagDemux] 解析视频标签, 时间戳=15608064
[TagDemux] 解析音频标签, 时间戳=16525568
[TagDemux] 解析视频标签, 时间戳=993792
[TagDemux] 解析音频标签, 时间戳=1255936
[TagDemux] 解析音频标签, 时间戳=2828800
[TagDemux] 解析视频标签, 时间戳=3156480
[TagDemux] 解析音频标签, 时间戳=4336128
[TagDemux] 解析视频标签, 时间戳=5384704
[TagDemux] 解析音频标签, 时间戳=5843456
[TagDemux] 解析音频标签, 时间戳=7350784
[TagDemux] 解析视频标签, 时间戳=7547392
[TagDemux] 解析音频标签, 时间戳=8858112
[TagDemux] 解析视频标签, 时间戳=9710080
[TagDemux] 解析音频标签, 时间戳=10430976
[TagDemux] 解析视频标签, 时间戳=11938304
[TagDemux] 解析音频标签, 时间戳=11938304
[TagDemux] 解析音频标签, 时间戳=13445632
[TagDemux] 解析视频标签, 时间戳=14100992
[TagDemux] 解析音频标签, 时间戳=14952960
[TagDemux] 解析视频标签, 时间戳=16263680
[TagDemux] 解析音频标签, 时间戳=16525824
[TagDemux] 解析音频标签, 时间戳=1256192
[TagDemux] 解析视频标签, 时间戳=1714944
[TagDemux] 解析音频标签, 时间戳=2763520
[TagDemux] 解析视频标签, 时间戳=3877632
[TagDemux] 解析音频标签, 时间戳=4270848
[TagDemux] 解析音频标签, 时间戳=5778176
[TagDemux] 解析视频标签, 时间戳=6040320
[TagDemux] 解析音频标签, 时间戳=7351040
[TagDemux] 解析视频标签, 时间戳=8268544
[TagDemux] 解析音频标签, 时间戳=8858368
[TagDemux] 解析音频标签, 时间戳=10365696
[TagDemux] 解析视频标签, 时间戳=10431232
[TagDemux] 解析音频标签, 时间戳=11873024
[TagDemux] 解析视频标签, 时间戳=12593920
[TagDemux] 解析音频标签, 时间戳=13445888
[TagDemux] 解析视频标签, 时间戳=14822144
[TagDemux] 解析音频标签, 时间戳=14953216
[TagDemux] 解析音频标签, 时间戳=16460544
[TagDemux] 解析视频标签, 时间戳=207872
[TagDemux] 解析音频标签, 时间戳=1190912
[TagDemux] 解析视频标签, 时间戳=2370560
[TagDemux] 解析音频标签, 时间戳=2698240
[TagDemux] 解析音频标签, 时间戳=4271104
[TagDemux] 解析视频标签, 时间戳=4598784
[TagDemux] 解析音频标签, 时间戳=5778432
[TagDemux] 解析视频标签, 时间戳=6761472
[TagDemux] 解析音频标签, 时间戳=7285760
[TagDemux] 解析音频标签, 时间戳=8793088
[TagDemux] 解析视频标签, 时间戳=8924160
[TagDemux] 解析音频标签, 时间戳=10365952
[TagDemux] 解析视频标签, 时间戳=11152384
[TagDemux] 解析音频标签, 时间戳=11873280
[TagDemux] 解析视频标签, 时间戳=13315072
[TagDemux] 解析音频标签, 时间戳=13380608
[TagDemux] 解析音频标签, 时间戳=14887936
[TagDemux] 解析视频标签, 时间戳=15477760
[TagDemux] 解析音频标签, 时间戳=16395264
[TagDemux] 解析视频标签, 时间戳=929024
[TagDemux] 解析音频标签, 时间戳=1191168
[TagDemux] 解析音频标签, 时间戳=2698496
[TagDemux] 解析视频标签, 时间戳=3091712
[TagDemux] 解析音频标签, 时间戳=4205824
[TagDemux] 解析视频标签, 时间戳=5254400
[TagDemux] 解析音频标签, 时间戳=5713152
[TagDemux] 解析音频标签, 时间戳=7286016
[TagDemux] 解析视频标签, 时间戳=7482624
[TagDemux] 解析音频标签, 时间戳=8793344
[TagDemux] 解析视频标签, 时间戳=9645312
[TagDemux] 解析音频标签, 时间戳=10300672
[TagDemux] 解析视频标签, 时间戳=11808000
[TagDemux] 解析音频标签, 时间戳=11808000
[TagDemux] 解析音频标签, 时间戳=13315328
[TagDemux] 解析视频标签, 时间戳=14036224
[TagDemux] 解析音频标签, 时间戳=14888192
[TagDemux] 解析视频标签, 时间戳=16198912
[TagDemux] 解析音频标签, 时间戳=16395520
[TagDemux] 解析音频标签, 时间戳=1125888
[TagDemux] 解析视频标签, 时间戳=1584640
[TagDemux] 解析音频标签, 时间戳=2633216
[TagDemux] 解析视频标签, 时间戳=3812864
[TagDemux] 解析音频标签, 时间戳=4206080
[TagDemux] 解析音频标签, 时间戳=5713408
[TagDemux] 解析视频标签, 时间戳=5975552
[TagDemux] 解析音频标签, 时间戳=7220736
[TagDemux] 解析视频标签, 时间戳=8138240
[TagDemux] 解析音频标签, 时间戳=8728064
[TagDemux] 解析音频标签, 时间戳=10235392
[TagDemux] 解析视频标签, 时间戳=10366464
[TagDemux] 解析音频标签, 时间戳=11808256
[TagDemux] 解析视频标签, 时间戳=12529152
[TagDemux] 解析音频标签, 时间戳=13315584
[TagDemux] 解析视频标签, 时间戳=14691840
[TagDemux] 解析音频标签, 时间戳=14822912
[TagDemux] 解析音频标签, 时间戳=16330240
[TagDemux] 解析视频标签, 时间戳=143104
[TagDemux] 解析音频标签, 时间戳=1060608
[TagDemux] 解析视频标签, 时间戳=2305792
[TagDemux] 解析音频标签, 时间戳=2633472
[TagDemux] 解析音频标签, 时间戳=4140800
[TagDemux] 解析视频标签, 时间戳=4468480
[TagDemux] 解析音频标签, 时间戳=5648128
[TagDemux] 解析视频标签, 时间戳=6696704
[TagDemux] 解析音频标签, 时间戳=7155456
[TagDemux] 解析音频标签, 时间戳=8728320
[TagDemux] 解析视频标签, 时间戳=8859392
[TagDemux] 解析音频标签, 时间戳=10235648
[TagDemux] 解析视频标签, 时间戳=11022080
[TagDemux] 解析音频标签, 时间戳=11742976
[TagDemux] 解析视频标签, 时间戳=13250304
[TagDemux] 解析音频标签, 时间戳=13250304
[TagDemux] 解析音频标签, 时间戳=14757632
[TagDemux] 解析视频标签, 时间戳=15412992
[TagDemux] 解析音频标签, 时间戳=16330496
[TagDemux] 解析视频标签, 时间戳=798720
[TagDemux] 解析音频标签, 时间戳=1060864
[TagDemux] 解析音频标签, 时间戳=2568192
[TagDemux] 解析视频标签, 时间戳=3026944
[TagDemux] 解析音频标签, 时间戳=4075520
[TagDemux] 解析视频标签, 时间戳=5189632
[TagDemux] 解析音频标签, 时间戳=5648384
[TagDemux] 解析音频标签, 时间戳=7155712
[TagDemux] 解析视频标签, 时间戳=7352320
[TagDemux] 解析音频标签, 时间戳=8663040
[TagDemux] 解析视频标签, 时间戳=9580544
[TagDemux] 解析音频标签, 时间戳=10170368
[TagDemux] 解析音频标签, 时间戳=11677696
[TagDemux] 解析视频标签, 时间戳=11743232
[TagDemux] 解析音频标签, 时间戳=13250560
[TagDemux] 解析视频标签, 时间戳=13905920
[TagDemux] 解析音频标签, 时间戳=14757888
[TagDemux] 解析视频标签, 时间戳=16134144
[TagDemux] 解析音频标签, 时间戳=16265216
[TagDemux] 解析音频标签, 时间戳=995584
[TagDemux] 解析视频标签, 时间戳=1519872
[TagDemux] 解析音频标签, 时间戳=2568448
[TagDemux] 解析视频标签, 时间戳=3682560
[TagDemux] 解析音频标签, 时间戳=4075776
[TagDemux] 解析音频标签, 时间戳=5583104
[TagDemux] 解析视频标签, 时间戳=5910784
[TagDemux] 解析音频标签, 时间戳=7090432
[TagDemux] 解析视频标签, 时间戳=8073472
[TagDemux] 解析音频标签, 时间戳=8597760
[TagDemux] 解析音频标签, 时间戳=10170624
[TagDemux] 解析视频标签, 时间戳=10236160
[TagDemux] 解析音频标签, 时间戳=11677952
[TagDemux] 解析视频标签, 时间戳=12464384
[TagDemux] 解析音频标签, 时间戳=13185280
[TagDemux] 解析视频标签, 时间戳=14627072
[TagDemux] 解析音频标签, 时间戳=14692608
[TagDemux] 解析音频标签, 时间戳=16265472
[TagDemux] 解析视频标签, 时间戳=12800
[TagDemux] 解析音频标签, 时间戳=995840
[TagDemux] 解析视频标签, 时间戳=2241024
[TagDemux] 解析音频标签, 时间戳=2503168
[TagDemux] 解析音频标签, 时间戳=4010496
[TagDemux] 解析视频标签, 时间戳=4403712
[TagDemux] 解析音频标签, 时间戳=5517824
[TagDemux] 解析音频标签, 时间戳=7090688
[TagDemux] 解析音频标签, 时间戳=8598016
[TagDemux] 解析音频标签, 时间戳=10105344
[TagDemux] 解析音频标签, 时间戳=11612672
[TagDemux] 解析视频标签, 时间戳=4403712
[TagDemux] moofTag 处理完成, _isInitialMetadataDispatched=true
[TagDemux] _dispatch=true, audioTrack.length=0, videoTrack.length=0
[TagDemux] _audioInitialMetadataDispatched=true, _videoInitialMetadataDispatched=true

=== 合并文件 ===

=== 转换完成 ===
耗时: 94.52 ms
生成文件数: 1

=== 使用FFmpeg验证 ===
FFmpeg错误:
[in#0 @ 000001b6222ef0c0] Error opening input: No such file or directory
Error opening input file output/output.mp4.
Error opening input files: No such file or directory

